\BOOKMARK [1][-]{section.1}{\376\377\000I\000n\000t\000r\000o\000d\000u\000c\000t\000i\000o\000n}{}% 1
\BOOKMARK [2][-]{subsection.1.1}{\376\377\000T\000i\000t\000r\000e\000\040\000d\000u\000\040\000p\000r\000o\000j\000e\000t}{section.1}% 2
\BOOKMARK [2][-]{subsection.1.2}{\376\377\000M\000o\000t\000i\000v\000a\000t\000i\000o\000n\000s}{section.1}% 3
\BOOKMARK [1][-]{section.2}{\376\377\000D\000o\000n\000n\000\351\000e\000s}{}% 4
\BOOKMARK [2][-]{subsection.2.1}{\376\377\000D\000e\000s\000c\000r\000i\000p\000t\000i\000o\000n\000\040\000d\000u\000\040\000p\000r\000o\000j\000e\000t}{section.2}% 5
\BOOKMARK [2][-]{subsection.2.2}{\376\377\000C\000o\000n\000t\000e\000x\000t\000e\000\040\000g\000\351\000n\000\351\000r\000a\000l}{section.2}% 6
\BOOKMARK [2][-]{subsection.2.3}{\376\377\000S\000o\000u\000r\000c\000e\000\040\000d\000e\000s\000\040\000d\000o\000n\000n\000\351\000e\000s}{section.2}% 7
\BOOKMARK [2][-]{subsection.2.4}{\376\377\000T\000r\000a\000i\000t\000e\000m\000e\000n\000t\000\040\000d\000e\000s\000\040\000d\000o\000n\000n\000\351\000e\000s}{section.2}% 8
\BOOKMARK [3][-]{subsubsection.2.4.1}{\376\377\000S\000\351\000l\000e\000c\000t\000i\000o\000n\000\040\000d\000e\000s\000\040\000p\000a\000y\000s\000\040\000\351\000t\000u\000d\000i\000\351\000s}{subsection.2.4}% 9
\BOOKMARK [3][-]{subsubsection.2.4.2}{\376\377\000P\000o\000s\000i\000t\000i\000o\000n\000\040\000g\000\351\000o\000g\000r\000a\000p\000h\000i\000q\000u\000e}{subsection.2.4}% 10
\BOOKMARK [3][-]{subsubsection.2.4.3}{\376\377\000C\000l\000i\000m\000a\000t}{subsection.2.4}% 11
\BOOKMARK [3][-]{subsubsection.2.4.4}{\376\377\000P\000o\000p\000u\000l\000a\000t\000i\000o\000n}{subsection.2.4}% 12
\BOOKMARK [3][-]{subsubsection.2.4.5}{\376\377\000C\000O\000V\000I\000D\000-\0001\0009}{subsection.2.4}% 13
\BOOKMARK [2][-]{subsection.2.5}{\376\377\000D\000e\000s\000c\000r\000i\000p\000t\000i\000o\000n\000\040\000d\000e\000s\000\040\000d\000o\000n\000n\000\351\000e\000s\000\040\000f\000i\000n\000a\000l\000e\000s}{section.2}% 14
\BOOKMARK [2][-]{subsection.2.6}{\376\377\000I\000n\000f\000o\000r\000m\000a\000t\000i\000o\000n\000s\000\040\000s\000u\000r\000\040\000l\000e\000s\000\040\000d\000o\000n\000n\000\351\000e\000s}{section.2}% 15
\BOOKMARK [3][-]{subsubsection.2.6.1}{\376\377\000P\000o\000s\000i\000t\000i\000o\000n\000\040\000g\000\351\000o\000g\000r\000a\000p\000h\000i\000q\000u\000e}{subsection.2.6}% 16
\BOOKMARK [3][-]{subsubsection.2.6.2}{\376\377\000P\000o\000p\000u\000l\000a\000t\000i\000o\000n\000\040\000u\000r\000b\000a\000i\000n\000e}{subsection.2.6}% 17
\BOOKMARK [3][-]{subsubsection.2.6.3}{\376\377\000T\000e\000m\000p\000\351\000r\000a\000t\000u\000r\000e\000\040\000m\000o\000y\000e\000n\000n\000e}{subsection.2.6}% 18
\BOOKMARK [2][-]{subsection.2.7}{\376\377\000P\000r\000o\000b\000l\000\351\000m\000a\000t\000i\000q\000u\000e}{section.2}% 19
\BOOKMARK [2][-]{subsection.2.8}{\376\377\000H\000i\000s\000t\000o\000r\000i\000q\000u\000e\000\040\000d\000e\000s\000\040\000t\000r\000a\000v\000a\000u\000x\000\040\000e\000t\000\040\000d\000\351\000v\000e\000l\000o\000p\000p\000e\000m\000e\000n\000t\000s}{section.2}% 20
\BOOKMARK [1][-]{section.3}{\376\377\000A\000l\000g\000o\000r\000i\000t\000h\000m\000e\000s}{}% 21
\BOOKMARK [2][-]{subsection.3.1}{\376\377\000C\000a\000l\000c\000u\000l\000\040\000d\000e\000\040\000l\000a\000\040\000p\000r\000o\000p\000a\000g\000a\000t\000i\000o\000n\000\040\000d\000u\000\040\000v\000i\000r\000u\000s}{section.3}% 22
\BOOKMARK [3][-]{subsubsection.3.1.1}{\376\377\000T\000r\000o\000n\000c\000a\000t\000u\000r\000e\000\040\000d\000e\000s\000\040\000c\000o\000u\000r\000b\000e\000s}{subsection.3.1}% 23
\BOOKMARK [3][-]{subsubsection.3.1.2}{\376\377\000C\000a\000l\000c\000u\000l\000\040\000d\000u\000\040\000f\000a\000c\000t\000e\000u\000r\000\040\000d\000e\000\040\000p\000r\000o\000p\000a\000g\000a\000t\000i\000o\000n}{subsection.3.1}% 24
\BOOKMARK [2][-]{subsection.3.2}{\376\377\000R\000\351\000s\000u\000l\000t\000a\000t\000s\000\040\000e\000t\000\040\000i\000n\000t\000e\000r\000p\000r\000\351\000t\000a\000t\000i\000o\000n}{section.3}% 25
\BOOKMARK [3][-]{subsubsection.3.2.1}{\376\377\000C\000o\000m\000p\000a\000r\000a\000i\000s\000o\000n\000\040\000e\000n\000t\000r\000e\000\040\000l\000e\000\040\000t\000a\000u\000x\000\040\000d\000e\000\040\000m\000o\000r\000t\000a\000l\000i\000t\000\351\000\040\000e\000t\000\040\000l\000e\000\040\000t\000a\000u\000x\000\040\000d\000e\000\040\000p\000r\000o\000p\000a\000g\000a\000t\000i\000o\000n}{subsection.3.2}% 26
\BOOKMARK [3][-]{subsubsection.3.2.2}{\376\377\000C\000o\000r\000r\000\351\000l\000a\000t\000i\000o\000n\000\040\000e\000n\000t\000r\000e\000\040\000l\000a\000\040\000p\000o\000s\000i\000t\000i\000o\000n\000\040\000e\000t\000\040\000l\000a\000\040\000p\000r\000o\000p\000a\000g\000a\000t\000i\000o\000n}{subsection.3.2}% 27
\BOOKMARK [3][-]{subsubsection.3.2.3}{\376\377\000C\000o\000r\000r\000\351\000l\000a\000t\000i\000o\000n\000\040\000e\000n\000t\000r\000e\000\040\000l\000a\000\040\000p\000a\000r\000t\000\040\000d\000e\000\040\000p\000o\000p\000u\000l\000a\000t\000i\000o\000n\000\040\000u\000r\000b\000a\000i\000n\000e\000\040\000e\000t\000\040\000l\000a\000\040\000p\000r\000o\000p\000a\000g\000a\000t\000i\000o\000n}{subsection.3.2}% 28
\BOOKMARK [3][-]{subsubsection.3.2.4}{\376\377\000C\000o\000r\000r\000\351\000l\000a\000t\000i\000o\000n\000\040\000e\000n\000t\000r\000e\000\040\000l\000e\000\040\000c\000l\000i\000m\000a\000t\000\040\000e\000t\000\040\000l\000a\000\040\000p\000r\000o\000p\000a\000g\000a\000t\000i\000o\000n}{subsection.3.2}% 29
\BOOKMARK [2][-]{subsection.3.3}{\376\377\000A\000p\000p\000l\000i\000c\000a\000t\000i\000o\000n\000s\000\040\000c\000o\000n\000c\000r\000\350\000t\000e\000s}{section.3}% 30
\BOOKMARK [2][-]{subsection.3.4}{\376\377\000L\000i\000m\000i\000t\000e\000s}{section.3}% 31
\BOOKMARK [2][-]{subsection.3.5}{\376\377\000C\000o\000n\000c\000l\000u\000s\000i\000o\000n}{section.3}% 32
\BOOKMARK [1][-]{section*.25}{\376\377\000R\000e\000f\000e\000r\000e\000n\000c\000e\000s}{}% 33
